<?xml version="1.0" encoding="UTF-8"?>
<testsuite xmlns:xsi="http://www.w3.org/2001/XMLSchema-instance" xsi:noNamespaceSchemaLocation="https://maven.apache.org/surefire/maven-surefire-plugin/xsd/surefire-test-report.xsd" name="com.macky.springbootshardingjdbc.SpringBootShardingJdbcApplicationTests" time="5.112" tests="1" errors="0" skipped="0" failures="0">
  <properties>
    <property name="sun.desktop" value="windows"/>
    <property name="awt.toolkit" value="sun.awt.windows.WToolkit"/>
    <property name="file.encoding.pkg" value="sun.io"/>
    <property name="java.specification.version" value="1.8"/>
    <property name="sun.cpu.isalist" value="amd64"/>
    <property name="sun.jnu.encoding" value="GBK"/>
    <property name="java.class.path" value="C:\work\spring-boot--shardingsphere-examples\spring-boot-shardingjdbc\target\test-classes;C:\work\spring-boot--shardingsphere-examples\spring-boot-shardingjdbc\target\classes;C:\repository\org\springframework\boot\spring-boot-starter-web\2.1.6.RELEASE\spring-boot-starter-web-2.1.6.RELEASE.jar;C:\repository\org\springframework\boot\spring-boot-starter\2.1.6.RELEASE\spring-boot-starter-2.1.6.RELEASE.jar;C:\repository\org\springframework\boot\spring-boot\2.1.6.RELEASE\spring-boot-2.1.6.RELEASE.jar;C:\repository\org\springframework\boot\spring-boot-starter-logging\2.1.6.RELEASE\spring-boot-starter-logging-2.1.6.RELEASE.jar;C:\repository\ch\qos\logback\logback-classic\1.2.3\logback-classic-1.2.3.jar;C:\repository\ch\qos\logback\logback-core\1.2.3\logback-core-1.2.3.jar;C:\repository\org\apache\logging\log4j\log4j-to-slf4j\2.11.2\log4j-to-slf4j-2.11.2.jar;C:\repository\org\apache\logging\log4j\log4j-api\2.11.2\log4j-api-2.11.2.jar;C:\repository\org\slf4j\jul-to-slf4j\1.7.26\jul-to-slf4j-1.7.26.jar;C:\repository\javax\annotation\javax.annotation-api\1.3.2\javax.annotation-api-1.3.2.jar;C:\repository\org\yaml\snakeyaml\1.23\snakeyaml-1.23.jar;C:\repository\org\springframework\boot\spring-boot-starter-json\2.1.6.RELEASE\spring-boot-starter-json-2.1.6.RELEASE.jar;C:\repository\com\fasterxml\jackson\core\jackson-databind\2.9.9\jackson-databind-2.9.9.jar;C:\repository\com\fasterxml\jackson\core\jackson-annotations\2.9.0\jackson-annotations-2.9.0.jar;C:\repository\com\fasterxml\jackson\core\jackson-core\2.9.9\jackson-core-2.9.9.jar;C:\repository\com\fasterxml\jackson\datatype\jackson-datatype-jdk8\2.9.9\jackson-datatype-jdk8-2.9.9.jar;C:\repository\com\fasterxml\jackson\datatype\jackson-datatype-jsr310\2.9.9\jackson-datatype-jsr310-2.9.9.jar;C:\repository\com\fasterxml\jackson\module\jackson-module-parameter-names\2.9.9\jackson-module-parameter-names-2.9.9.jar;C:\repository\org\springframework\boot\spring-boot-starter-tomcat\2.1.6.RELEASE\spring-boot-starter-tomcat-2.1.6.RELEASE.jar;C:\repository\org\apache\tomcat\embed\tomcat-embed-core\9.0.21\tomcat-embed-core-9.0.21.jar;C:\repository\org\apache\tomcat\embed\tomcat-embed-el\9.0.21\tomcat-embed-el-9.0.21.jar;C:\repository\org\apache\tomcat\embed\tomcat-embed-websocket\9.0.21\tomcat-embed-websocket-9.0.21.jar;C:\repository\org\hibernate\validator\hibernate-validator\6.0.17.Final\hibernate-validator-6.0.17.Final.jar;C:\repository\javax\validation\validation-api\2.0.1.Final\validation-api-2.0.1.Final.jar;C:\repository\org\jboss\logging\jboss-logging\3.3.2.Final\jboss-logging-3.3.2.Final.jar;C:\repository\com\fasterxml\classmate\1.4.0\classmate-1.4.0.jar;C:\repository\org\springframework\spring-web\5.1.8.RELEASE\spring-web-5.1.8.RELEASE.jar;C:\repository\org\springframework\spring-beans\5.1.8.RELEASE\spring-beans-5.1.8.RELEASE.jar;C:\repository\org\springframework\spring-webmvc\5.1.8.RELEASE\spring-webmvc-5.1.8.RELEASE.jar;C:\repository\org\springframework\spring-aop\5.1.8.RELEASE\spring-aop-5.1.8.RELEASE.jar;C:\repository\org\springframework\spring-context\5.1.8.RELEASE\spring-context-5.1.8.RELEASE.jar;C:\repository\org\springframework\spring-expression\5.1.8.RELEASE\spring-expression-5.1.8.RELEASE.jar;C:\repository\org\springframework\boot\spring-boot-starter-test\2.1.6.RELEASE\spring-boot-starter-test-2.1.6.RELEASE.jar;C:\repository\org\springframework\boot\spring-boot-test\2.1.6.RELEASE\spring-boot-test-2.1.6.RELEASE.jar;C:\repository\org\springframework\boot\spring-boot-test-autoconfigure\2.1.6.RELEASE\spring-boot-test-autoconfigure-2.1.6.RELEASE.jar;C:\repository\com\jayway\jsonpath\json-path\2.4.0\json-path-2.4.0.jar;C:\repository\net\minidev\json-smart\2.3\json-smart-2.3.jar;C:\repository\net\minidev\accessors-smart\1.2\accessors-smart-1.2.jar;C:\repository\org\ow2\asm\asm\5.0.4\asm-5.0.4.jar;C:\repository\junit\junit\4.12\junit-4.12.jar;C:\repository\org\assertj\assertj-core\3.11.1\assertj-core-3.11.1.jar;C:\repository\org\mockito\mockito-core\2.23.4\mockito-core-2.23.4.jar;C:\repository\net\bytebuddy\byte-buddy\1.9.13\byte-buddy-1.9.13.jar;C:\repository\net\bytebuddy\byte-buddy-agent\1.9.13\byte-buddy-agent-1.9.13.jar;C:\repository\org\objenesis\objenesis\2.6\objenesis-2.6.jar;C:\repository\org\hamcrest\hamcrest-core\1.3\hamcrest-core-1.3.jar;C:\repository\org\hamcrest\hamcrest-library\1.3\hamcrest-library-1.3.jar;C:\repository\org\skyscreamer\jsonassert\1.5.0\jsonassert-1.5.0.jar;C:\repository\com\vaadin\external\google\android-json\0.0.20131108.vaadin1\android-json-0.0.20131108.vaadin1.jar;C:\repository\org\springframework\spring-core\5.1.8.RELEASE\spring-core-5.1.8.RELEASE.jar;C:\repository\org\springframework\spring-jcl\5.1.8.RELEASE\spring-jcl-5.1.8.RELEASE.jar;C:\repository\org\springframework\spring-test\5.1.8.RELEASE\spring-test-5.1.8.RELEASE.jar;C:\repository\org\xmlunit\xmlunit-core\2.6.2\xmlunit-core-2.6.2.jar;C:\repository\mysql\mysql-connector-java\8.0.16\mysql-connector-java-8.0.16.jar;C:\repository\com\baomidou\mybatis-plus-boot-starter\3.1.1\mybatis-plus-boot-starter-3.1.1.jar;C:\repository\com\baomidou\mybatis-plus\3.1.1\mybatis-plus-3.1.1.jar;C:\repository\com\baomidou\mybatis-plus-extension\3.1.1\mybatis-plus-extension-3.1.1.jar;C:\repository\com\baomidou\mybatis-plus-core\3.1.1\mybatis-plus-core-3.1.1.jar;C:\repository\com\baomidou\mybatis-plus-annotation\3.1.1\mybatis-plus-annotation-3.1.1.jar;C:\repository\com\github\jsqlparser\jsqlparser\1.2\jsqlparser-1.2.jar;C:\repository\org\mybatis\mybatis\3.5.1\mybatis-3.5.1.jar;C:\repository\org\mybatis\mybatis-spring\2.0.1\mybatis-spring-2.0.1.jar;C:\repository\org\springframework\boot\spring-boot-autoconfigure\2.1.6.RELEASE\spring-boot-autoconfigure-2.1.6.RELEASE.jar;C:\repository\org\springframework\boot\spring-boot-starter-jdbc\2.1.6.RELEASE\spring-boot-starter-jdbc-2.1.6.RELEASE.jar;C:\repository\com\zaxxer\HikariCP\3.2.0\HikariCP-3.2.0.jar;C:\repository\org\springframework\spring-jdbc\5.1.8.RELEASE\spring-jdbc-5.1.8.RELEASE.jar;C:\repository\org\springframework\spring-tx\5.1.8.RELEASE\spring-tx-5.1.8.RELEASE.jar;C:\repository\io\shardingsphere\sharding-jdbc-spring-boot-starter\3.1.0\sharding-jdbc-spring-boot-starter-3.1.0.jar;C:\repository\io\shardingsphere\sharding-jdbc-core\3.1.0\sharding-jdbc-core-3.1.0.jar;C:\repository\io\shardingsphere\sharding-core\3.1.0\sharding-core-3.1.0.jar;C:\repository\org\codehaus\groovy\groovy\2.4.5\groovy-2.4.5-indy.jar;C:\repository\org\antlr\antlr4\4.7.1\antlr4-4.7.1.jar;C:\repository\org\antlr\antlr4-runtime\4.7.1\antlr4-runtime-4.7.1.jar;C:\repository\org\antlr\antlr-runtime\3.5.2\antlr-runtime-3.5.2.jar;C:\repository\org\antlr\ST4\4.0.8\ST4-4.0.8.jar;C:\repository\org\abego\treelayout\org.abego.treelayout.core\1.0.3\org.abego.treelayout.core-1.0.3.jar;C:\repository\org\glassfish\javax.json\1.0.4\javax.json-1.0.4.jar;C:\repository\com\ibm\icu\icu4j\58.2\icu4j-58.2.jar;C:\repository\io\shardingsphere\sharding-transaction-core\3.1.0\sharding-transaction-core-3.1.0.jar;C:\repository\com\google\guava\guava\18.0\guava-18.0.jar;C:\repository\org\slf4j\slf4j-api\1.7.26\slf4j-api-1.7.26.jar;C:\repository\org\slf4j\jcl-over-slf4j\1.7.26\jcl-over-slf4j-1.7.26.jar;C:\repository\io\shardingsphere\sharding-jdbc-spring-namespace\3.1.0\sharding-jdbc-spring-namespace-3.1.0.jar;C:\repository\org\projectlombok\lombok\1.18.8\lombok-1.18.8.jar;"/>
    <property name="java.vm.vendor" value="Oracle Corporation"/>
    <property name="sun.arch.data.model" value="64"/>
    <property name="user.variant" value=""/>
    <property name="java.vendor.url" value="http://java.oracle.com/"/>
    <property name="user.timezone" value="Asia/Shanghai"/>
    <property name="java.vm.specification.version" value="1.8"/>
    <property name="os.name" value="Windows 10"/>
    <property name="user.country" value="CN"/>
    <property name="sun.java.launcher" value="SUN_STANDARD"/>
    <property name="sun.boot.library.path" value="C:\Program Files\Java\jdk1.8.0_251\jre\bin"/>
    <property name="sun.java.command" value="C:\Users\Evan\AppData\Local\Temp\surefire7445825797237213621\surefirebooter804134228202985162.jar C:\Users\Evan\AppData\Local\Temp\surefire7445825797237213621 2020-07-21T23-16-20_405-jvmRun1 surefire6175197163610345172tmp surefire_04569655755609032583tmp"/>
    <property name="surefire.test.class.path" value="C:\work\spring-boot--shardingsphere-examples\spring-boot-shardingjdbc\target\test-classes;C:\work\spring-boot--shardingsphere-examples\spring-boot-shardingjdbc\target\classes;C:\repository\org\springframework\boot\spring-boot-starter-web\2.1.6.RELEASE\spring-boot-starter-web-2.1.6.RELEASE.jar;C:\repository\org\springframework\boot\spring-boot-starter\2.1.6.RELEASE\spring-boot-starter-2.1.6.RELEASE.jar;C:\repository\org\springframework\boot\spring-boot\2.1.6.RELEASE\spring-boot-2.1.6.RELEASE.jar;C:\repository\org\springframework\boot\spring-boot-starter-logging\2.1.6.RELEASE\spring-boot-starter-logging-2.1.6.RELEASE.jar;C:\repository\ch\qos\logback\logback-classic\1.2.3\logback-classic-1.2.3.jar;C:\repository\ch\qos\logback\logback-core\1.2.3\logback-core-1.2.3.jar;C:\repository\org\apache\logging\log4j\log4j-to-slf4j\2.11.2\log4j-to-slf4j-2.11.2.jar;C:\repository\org\apache\logging\log4j\log4j-api\2.11.2\log4j-api-2.11.2.jar;C:\repository\org\slf4j\jul-to-slf4j\1.7.26\jul-to-slf4j-1.7.26.jar;C:\repository\javax\annotation\javax.annotation-api\1.3.2\javax.annotation-api-1.3.2.jar;C:\repository\org\yaml\snakeyaml\1.23\snakeyaml-1.23.jar;C:\repository\org\springframework\boot\spring-boot-starter-json\2.1.6.RELEASE\spring-boot-starter-json-2.1.6.RELEASE.jar;C:\repository\com\fasterxml\jackson\core\jackson-databind\2.9.9\jackson-databind-2.9.9.jar;C:\repository\com\fasterxml\jackson\core\jackson-annotations\2.9.0\jackson-annotations-2.9.0.jar;C:\repository\com\fasterxml\jackson\core\jackson-core\2.9.9\jackson-core-2.9.9.jar;C:\repository\com\fasterxml\jackson\datatype\jackson-datatype-jdk8\2.9.9\jackson-datatype-jdk8-2.9.9.jar;C:\repository\com\fasterxml\jackson\datatype\jackson-datatype-jsr310\2.9.9\jackson-datatype-jsr310-2.9.9.jar;C:\repository\com\fasterxml\jackson\module\jackson-module-parameter-names\2.9.9\jackson-module-parameter-names-2.9.9.jar;C:\repository\org\springframework\boot\spring-boot-starter-tomcat\2.1.6.RELEASE\spring-boot-starter-tomcat-2.1.6.RELEASE.jar;C:\repository\org\apache\tomcat\embed\tomcat-embed-core\9.0.21\tomcat-embed-core-9.0.21.jar;C:\repository\org\apache\tomcat\embed\tomcat-embed-el\9.0.21\tomcat-embed-el-9.0.21.jar;C:\repository\org\apache\tomcat\embed\tomcat-embed-websocket\9.0.21\tomcat-embed-websocket-9.0.21.jar;C:\repository\org\hibernate\validator\hibernate-validator\6.0.17.Final\hibernate-validator-6.0.17.Final.jar;C:\repository\javax\validation\validation-api\2.0.1.Final\validation-api-2.0.1.Final.jar;C:\repository\org\jboss\logging\jboss-logging\3.3.2.Final\jboss-logging-3.3.2.Final.jar;C:\repository\com\fasterxml\classmate\1.4.0\classmate-1.4.0.jar;C:\repository\org\springframework\spring-web\5.1.8.RELEASE\spring-web-5.1.8.RELEASE.jar;C:\repository\org\springframework\spring-beans\5.1.8.RELEASE\spring-beans-5.1.8.RELEASE.jar;C:\repository\org\springframework\spring-webmvc\5.1.8.RELEASE\spring-webmvc-5.1.8.RELEASE.jar;C:\repository\org\springframework\spring-aop\5.1.8.RELEASE\spring-aop-5.1.8.RELEASE.jar;C:\repository\org\springframework\spring-context\5.1.8.RELEASE\spring-context-5.1.8.RELEASE.jar;C:\repository\org\springframework\spring-expression\5.1.8.RELEASE\spring-expression-5.1.8.RELEASE.jar;C:\repository\org\springframework\boot\spring-boot-starter-test\2.1.6.RELEASE\spring-boot-starter-test-2.1.6.RELEASE.jar;C:\repository\org\springframework\boot\spring-boot-test\2.1.6.RELEASE\spring-boot-test-2.1.6.RELEASE.jar;C:\repository\org\springframework\boot\spring-boot-test-autoconfigure\2.1.6.RELEASE\spring-boot-test-autoconfigure-2.1.6.RELEASE.jar;C:\repository\com\jayway\jsonpath\json-path\2.4.0\json-path-2.4.0.jar;C:\repository\net\minidev\json-smart\2.3\json-smart-2.3.jar;C:\repository\net\minidev\accessors-smart\1.2\accessors-smart-1.2.jar;C:\repository\org\ow2\asm\asm\5.0.4\asm-5.0.4.jar;C:\repository\junit\junit\4.12\junit-4.12.jar;C:\repository\org\assertj\assertj-core\3.11.1\assertj-core-3.11.1.jar;C:\repository\org\mockito\mockito-core\2.23.4\mockito-core-2.23.4.jar;C:\repository\net\bytebuddy\byte-buddy\1.9.13\byte-buddy-1.9.13.jar;C:\repository\net\bytebuddy\byte-buddy-agent\1.9.13\byte-buddy-agent-1.9.13.jar;C:\repository\org\objenesis\objenesis\2.6\objenesis-2.6.jar;C:\repository\org\hamcrest\hamcrest-core\1.3\hamcrest-core-1.3.jar;C:\repository\org\hamcrest\hamcrest-library\1.3\hamcrest-library-1.3.jar;C:\repository\org\skyscreamer\jsonassert\1.5.0\jsonassert-1.5.0.jar;C:\repository\com\vaadin\external\google\android-json\0.0.20131108.vaadin1\android-json-0.0.20131108.vaadin1.jar;C:\repository\org\springframework\spring-core\5.1.8.RELEASE\spring-core-5.1.8.RELEASE.jar;C:\repository\org\springframework\spring-jcl\5.1.8.RELEASE\spring-jcl-5.1.8.RELEASE.jar;C:\repository\org\springframework\spring-test\5.1.8.RELEASE\spring-test-5.1.8.RELEASE.jar;C:\repository\org\xmlunit\xmlunit-core\2.6.2\xmlunit-core-2.6.2.jar;C:\repository\mysql\mysql-connector-java\8.0.16\mysql-connector-java-8.0.16.jar;C:\repository\com\baomidou\mybatis-plus-boot-starter\3.1.1\mybatis-plus-boot-starter-3.1.1.jar;C:\repository\com\baomidou\mybatis-plus\3.1.1\mybatis-plus-3.1.1.jar;C:\repository\com\baomidou\mybatis-plus-extension\3.1.1\mybatis-plus-extension-3.1.1.jar;C:\repository\com\baomidou\mybatis-plus-core\3.1.1\mybatis-plus-core-3.1.1.jar;C:\repository\com\baomidou\mybatis-plus-annotation\3.1.1\mybatis-plus-annotation-3.1.1.jar;C:\repository\com\github\jsqlparser\jsqlparser\1.2\jsqlparser-1.2.jar;C:\repository\org\mybatis\mybatis\3.5.1\mybatis-3.5.1.jar;C:\repository\org\mybatis\mybatis-spring\2.0.1\mybatis-spring-2.0.1.jar;C:\repository\org\springframework\boot\spring-boot-autoconfigure\2.1.6.RELEASE\spring-boot-autoconfigure-2.1.6.RELEASE.jar;C:\repository\org\springframework\boot\spring-boot-starter-jdbc\2.1.6.RELEASE\spring-boot-starter-jdbc-2.1.6.RELEASE.jar;C:\repository\com\zaxxer\HikariCP\3.2.0\HikariCP-3.2.0.jar;C:\repository\org\springframework\spring-jdbc\5.1.8.RELEASE\spring-jdbc-5.1.8.RELEASE.jar;C:\repository\org\springframework\spring-tx\5.1.8.RELEASE\spring-tx-5.1.8.RELEASE.jar;C:\repository\io\shardingsphere\sharding-jdbc-spring-boot-starter\3.1.0\sharding-jdbc-spring-boot-starter-3.1.0.jar;C:\repository\io\shardingsphere\sharding-jdbc-core\3.1.0\sharding-jdbc-core-3.1.0.jar;C:\repository\io\shardingsphere\sharding-core\3.1.0\sharding-core-3.1.0.jar;C:\repository\org\codehaus\groovy\groovy\2.4.5\groovy-2.4.5-indy.jar;C:\repository\org\antlr\antlr4\4.7.1\antlr4-4.7.1.jar;C:\repository\org\antlr\antlr4-runtime\4.7.1\antlr4-runtime-4.7.1.jar;C:\repository\org\antlr\antlr-runtime\3.5.2\antlr-runtime-3.5.2.jar;C:\repository\org\antlr\ST4\4.0.8\ST4-4.0.8.jar;C:\repository\org\abego\treelayout\org.abego.treelayout.core\1.0.3\org.abego.treelayout.core-1.0.3.jar;C:\repository\org\glassfish\javax.json\1.0.4\javax.json-1.0.4.jar;C:\repository\com\ibm\icu\icu4j\58.2\icu4j-58.2.jar;C:\repository\io\shardingsphere\sharding-transaction-core\3.1.0\sharding-transaction-core-3.1.0.jar;C:\repository\com\google\guava\guava\18.0\guava-18.0.jar;C:\repository\org\slf4j\slf4j-api\1.7.26\slf4j-api-1.7.26.jar;C:\repository\org\slf4j\jcl-over-slf4j\1.7.26\jcl-over-slf4j-1.7.26.jar;C:\repository\io\shardingsphere\sharding-jdbc-spring-namespace\3.1.0\sharding-jdbc-spring-namespace-3.1.0.jar;C:\repository\org\projectlombok\lombok\1.18.8\lombok-1.18.8.jar;"/>
    <property name="sun.cpu.endian" value="little"/>
    <property name="user.home" value="C:\Users\Evan"/>
    <property name="user.language" value="zh"/>
    <property name="java.specification.vendor" value="Oracle Corporation"/>
    <property name="java.home" value="C:\Program Files\Java\jdk1.8.0_251\jre"/>
    <property name="basedir" value="C:\work\spring-boot--shardingsphere-examples\spring-boot-shardingjdbc"/>
    <property name="file.separator" value="\"/>
    <property name="line.separator" value="&#10;"/>
    <property name="java.vm.specification.vendor" value="Oracle Corporation"/>
    <property name="java.specification.name" value="Java Platform API Specification"/>
    <property name="java.awt.graphicsenv" value="sun.awt.Win32GraphicsEnvironment"/>
    <property name="surefire.real.class.path" value="C:\Users\Evan\AppData\Local\Temp\surefire7445825797237213621\surefirebooter804134228202985162.jar"/>
    <property name="sun.boot.class.path" value="C:\Program Files\Java\jdk1.8.0_251\jre\lib\resources.jar;C:\Program Files\Java\jdk1.8.0_251\jre\lib\rt.jar;C:\Program Files\Java\jdk1.8.0_251\jre\lib\sunrsasign.jar;C:\Program Files\Java\jdk1.8.0_251\jre\lib\jsse.jar;C:\Program Files\Java\jdk1.8.0_251\jre\lib\jce.jar;C:\Program Files\Java\jdk1.8.0_251\jre\lib\charsets.jar;C:\Program Files\Java\jdk1.8.0_251\jre\lib\jfr.jar;C:\Program Files\Java\jdk1.8.0_251\jre\classes"/>
    <property name="user.script" value=""/>
    <property name="sun.management.compiler" value="HotSpot 64-Bit Tiered Compilers"/>
    <property name="java.runtime.version" value="1.8.0_251-b08"/>
    <property name="user.name" value="Evan"/>
    <property name="path.separator" value=";"/>
    <property name="os.version" value="10.0"/>
    <property name="java.endorsed.dirs" value="C:\Program Files\Java\jdk1.8.0_251\jre\lib\endorsed"/>
    <property name="java.runtime.name" value="Java(TM) SE Runtime Environment"/>
    <property name="file.encoding" value="GBK"/>
    <property name="java.vm.name" value="Java HotSpot(TM) 64-Bit Server VM"/>
    <property name="idea.version2020.1" value="true"/>
    <property name="localRepository" value="C:\repository"/>
    <property name="java.vendor.url.bug" value="http://bugreport.sun.com/bugreport/"/>
    <property name="java.io.tmpdir" value="C:\Users\Evan\AppData\Local\Temp\"/>
    <property name="java.version" value="1.8.0_251"/>
    <property name="user.dir" value="C:\work\spring-boot--shardingsphere-examples\spring-boot-shardingjdbc"/>
    <property name="os.arch" value="amd64"/>
    <property name="java.vm.specification.name" value="Java Virtual Machine Specification"/>
    <property name="java.awt.printerjob" value="sun.awt.windows.WPrinterJob"/>
    <property name="sun.os.patch.level" value=""/>
    <property name="java.library.path" value="C:\Program Files\Java\jdk1.8.0_251\jre\bin;C:\Windows\Sun\Java\bin;C:\Windows\system32;C:\Windows;C:\Program Files (x86)\Common Files\Oracle\Java\javapath;C:\Windows\system32;C:\Windows;C:\Windows\System32\Wbem;C:\Windows\System32\WindowsPowerShell\v1.0\;C:\Windows\System32\OpenSSH\;C:\Program Files\Git\cmd;C:\tool\apache-maven-3.6.0\bin;C:\tool\mysql-8.0.15-winx64\bin;C:\Program Files\Java\jdk1.8.0_251\bin;C:\Program Files\Java\jdk1.8.0_251\jre\bin;C:\Go\bin;C:\Users\Evan\AppData\Local\Microsoft\WindowsApps;C:\Users\Evan\go\bin;."/>
    <property name="java.vm.info" value="mixed mode"/>
    <property name="java.vendor" value="Oracle Corporation"/>
    <property name="java.vm.version" value="25.251-b08"/>
    <property name="java.ext.dirs" value="C:\Program Files\Java\jdk1.8.0_251\jre\lib\ext;C:\Windows\Sun\Java\lib\ext"/>
    <property name="sun.io.unicode.encoding" value="UnicodeLittle"/>
    <property name="java.class.version" value="52.0"/>
  </properties>
  <testcase name="contextLoads" classname="com.macky.springbootshardingjdbc.SpringBootShardingJdbcApplicationTests" time="0.247"/>
</testsuite>